<?xml version="1.0" encoding="UTF-8"?>
<!-- Generated by org.testng.reporters.JUnitReportReporter -->
<testsuite skipped="2" hostname="Newt-Css46" name="testscenario.TestEmulator" tests="3" failures="0" timestamp="03 Aug 2017 09:35:13 GMT" time="1.779" errors="0">
  <testcase name="testEmulator1" time="1.779" classname="testscenario.TestEmulator"/>
  <testcase name="testEmulator3" classname="testscenario.TestEmulator">
    <skipped/>
  </testcase> <!-- testEmulator3 -->
  <testcase name="testEmulator2" classname="testscenario.TestEmulator">
    <skipped/>
  </testcase> <!-- testEmulator2 -->
</testsuite> <!-- testscenario.TestEmulator -->
