<?xml version="1.0" encoding="UTF-8"?>
<!-- Generated by org.testng.reporters.JUnitReportReporter -->
<testsuite skipped="0" hostname="Newt-Css46" name="testscenario.TestJava" tests="1" failures="0" timestamp="03 Aug 2017 11:23:05 GMT" time="0.012" errors="0">
  <testcase name="test" time="0.012" classname="testscenario.TestJava"/>
</testsuite> <!-- testscenario.TestJava -->
