<?xml version="1.0" encoding="UTF-8"?>
<!-- Generated by org.testng.reporters.JUnitReportReporter -->
<testsuite skipped="0" hostname="Newt-Css46" name="TestJava" tests="1" failures="0" timestamp="28 Jul 2017 05:16:23 GMT" time="0.015" errors="0">
  <testcase name="test" time="0.015" classname="TestJava"/>
</testsuite> <!-- TestJava -->
